Using pre-set license
Built from '2020.3/staging' branch; Version is '2020.3.17f1 (a4537701e4ab) revision 10769271'; Using compiler version '192528614'; Build Type 'Release'
OS: 'Windows 10 Home; OS build 19043.1348; Version 2009; 64bit' Language: 'en' Physical Memory: 8104 MB
BatchMode: 1, IsHumanControllingUs: 0, StartBugReporterOnCrash: 0, Is64bit: 1, IsPro: 0

COMMAND LINE ARGUMENTS:
D:\Unity\2020.3.17f1\Editor\Unity.exe
-adb2
-batchMode
-noUpm
-name
AssetImportWorker0
-projectPath
D:/GitHub/2DWeek/Swaim2DWeek
-logFile
Logs/AssetImportWorker0.log
-srvPort
54051
Successfully changed project path to: D:/GitHub/2DWeek/Swaim2DWeek
D:/GitHub/2DWeek/Swaim2DWeek
Using Asset Import Pipeline V2.
Refreshing native plugins compatible for Editor in 73.78 ms, found 3 plugins.
Preloading 0 native plugins for Editor in 0.00 ms.
Initialize engine version: 2020.3.17f1 (a4537701e4ab)
[Subsystems] Discovering subsystems at path D:/Unity/2020.3.17f1/Editor/Data/Resources/UnitySubsystems
[Subsystems] Discovering subsystems at path D:/GitHub/2DWeek/Swaim2DWeek/Assets
GfxDevice: creating device client; threaded=0
Direct3D:
    Version:  Direct3D 11.0 [level 11.1]
    Renderer: NVIDIA GeForce GTX 1060 3GB (ID=0x1c02)
    Vendor:   
    VRAM:     2988 MB
    Driver:   27.21.14.5671
Initialize mono
Mono path[0] = 'D:/Unity/2020.3.17f1/Editor/Data/Managed'
Mono path[1] = 'D:/Unity/2020.3.17f1/Editor/Data/MonoBleedingEdge/lib/mono/unityjit'
Mono config path = 'D:/Unity/2020.3.17f1/Editor/Data/MonoBleedingEdge/etc'
Using monoOptions --debugger-agent=transport=dt_socket,embedding=1,server=y,suspend=n,address=127.0.0.1:56884
Begin MonoManager ReloadAssembly
Registering precompiled unity dll's ...
Register platform support module: D:/Unity/2020.3.17f1/Editor/Data/PlaybackEngines/WindowsStandaloneSupport/UnityEditor.WindowsStandalone.Extensions.dll
Registered in 0.004059 seconds.
Native extension for WindowsStandalone target not found
Refreshing native plugins compatible for Editor in 65.40 ms, found 3 plugins.
Preloading 0 native plugins for Editor in 0.00 ms.
Mono: successfully reloaded assembly
- Completed reload, in  4.645 seconds
Domain Reload Profiling:
	ReloadAssembly (4646ms)
		BeginReloadAssembly (71ms)
			ExecutionOrderSort (0ms)
			DisableScriptedObjects (0ms)
			BackupInstance (0ms)
			ReleaseScriptingObjects (0ms)
			CreateAndSetChildDomain (1ms)
		EndReloadAssembly (480ms)
			LoadAssemblies (67ms)
			RebuildTransferFunctionScriptingTraits (0ms)
			SetupTypeCache (167ms)
			ReleaseScriptCaches (0ms)
			RebuildScriptCaches (29ms)
			SetupLoadedEditorAssemblies (204ms)
				LogAssemblyErrors (0ms)
				InitializePlatformSupportModulesInManaged (4ms)
				SetLoadedEditorAssemblies (0ms)
				RefreshPlugins (65ms)
				BeforeProcessingInitializeOnLoad (8ms)
				ProcessInitializeOnLoadAttributes (83ms)
				ProcessInitializeOnLoadMethodAttributes (44ms)
				AfterProcessingInitializeOnLoad (0ms)
				EditorAssembliesLoaded (0ms)
			ExecutionOrderSort2 (0ms)
			AwakeInstancesAfterBackupRestoration (0ms)
Platform modules already initialized, skipping
Registering precompiled user dll's ...
Registered in 0.022365 seconds.
Begin MonoManager ReloadAssembly
Native extension for WindowsStandalone target not found
Refreshing native plugins compatible for Editor in 76.27 ms, found 3 plugins.
Preloading 0 native plugins for Editor in 0.00 ms.
Mono: successfully reloaded assembly
- Completed reload, in  1.700 seconds
Domain Reload Profiling:
	ReloadAssembly (1701ms)
		BeginReloadAssembly (162ms)
			ExecutionOrderSort (0ms)
			DisableScriptedObjects (4ms)
			BackupInstance (0ms)
			ReleaseScriptingObjects (0ms)
			CreateAndSetChildDomain (18ms)
		EndReloadAssembly (1462ms)
			LoadAssemblies (127ms)
			RebuildTransferFunctionScriptingTraits (0ms)
			SetupTypeCache (548ms)
			ReleaseScriptCaches (1ms)
			RebuildScriptCaches (69ms)
			SetupLoadedEditorAssemblies (545ms)
				LogAssemblyErrors (0ms)
				InitializePlatformSupportModulesInManaged (5ms)
				SetLoadedEditorAssemblies (0ms)
				RefreshPlugins (76ms)
				BeforeProcessingInitializeOnLoad (124ms)
				ProcessInitializeOnLoadAttributes (308ms)
				ProcessInitializeOnLoadMethodAttributes (16ms)
				AfterProcessingInitializeOnLoad (15ms)
				EditorAssembliesLoaded (0ms)
			ExecutionOrderSort2 (0ms)
			AwakeInstancesAfterBackupRestoration (7ms)
Platform modules already initialized, skipping
========================================================================
Worker process is ready to serve import requests
Launched and connected shader compiler UnityShaderCompiler.exe after 0.16 seconds
Refreshing native plugins compatible for Editor in 0.99 ms, found 3 plugins.
Preloading 0 native plugins for Editor in 0.00 ms.
Unloading 3415 Unused Serialized files (Serialized files now loaded: 0)
System memory in use before: 149.1 MB.
System memory in use after: 149.3 MB.

Unloading 29 unused Assets to reduce memory usage. Loaded Objects now: 3856.
Total: 4.345900 ms (FindLiveObjects: 0.449100 ms CreateObjectMapping: 0.258300 ms MarkObjects: 3.602400 ms  DeleteObjects: 0.034500 ms)

AssetImportParameters requested are different than current active one (requested -> active):
  custom:framework-win-MediaFoundation: 216162199b28c13a410421893ffa2e32 -> 
  custom:video-decoder-ogg-theora: a1e56fd34408186e4bbccfd4996cb3dc -> 
  custom:container-muxer-webm: aa71ff27fc2769a1b78a27578f13a17b -> 
  custom:container-demuxer-webm: 4f35f7cbe854078d1ac9338744f61a02 -> 
  custom:container-demuxer-ogg: 62fdf1f143b41e24485cea50d1cbac27 -> 
  custom:video-encoder-webm-vp8: eb34c28f22e8b96e1ab97ce403110664 -> 
  custom:video-decoder-webm-vp8: 9c59270c3fd7afecdb556c50c9e8de78 -> 
  custom:audio-decoder-ogg-vorbis: bf7c407c2cedff20999df2af8eb42d56 -> 
  custom:audio-encoder-webm-vorbis: bf7c407c2cedff20999df2af8eb42d56 -> 
========================================================================
Received Import Request.
  path: Assets/Sprites/building3.png
  artifactKey: Guid(c3ded0ccea6beb94f8986e6ece53ccda) Importer(815301076,1909f56bfc062723c751e8b465ee728b)
Start importing Assets/Sprites/building3.png using Guid(c3ded0ccea6beb94f8986e6ece53ccda) Importer(815301076,1909f56bfc062723c751e8b465ee728b)  -> (artifact id: 'ddd9ddb0b80d2b64fd629a1338327234') in 0.267654 seconds 
  Import took 0.300482 seconds .

========================================================================
Received Import Request.
  Time since last request: 0.000398 seconds.
  path: Assets/Sprites/windmill.png
  artifactKey: Guid(464d219e4fd9c35458367bb03b9fb25f) Importer(815301076,1909f56bfc062723c751e8b465ee728b)
Start importing Assets/Sprites/windmill.png using Guid(464d219e4fd9c35458367bb03b9fb25f) Importer(815301076,1909f56bfc062723c751e8b465ee728b)  -> (artifact id: '2b962ee921ae41b8ed92386c579c4fab') in 0.020093 seconds 
  Import took 0.034140 seconds .

========================================================================
Received Import Request.
  Time since last request: 0.000223 seconds.
  path: Assets/Sprites/building2.png
  artifactKey: Guid(97a5576394f03ae46b63e80a9d419224) Importer(815301076,1909f56bfc062723c751e8b465ee728b)
Start importing Assets/Sprites/building2.png using Guid(97a5576394f03ae46b63e80a9d419224) Importer(815301076,1909f56bfc062723c751e8b465ee728b)  -> (artifact id: '989a0ecab282351e14f8bb58854b95f7') in 0.018271 seconds 
  Import took 0.024136 seconds .

========================================================================
Received Import Request.
  Time since last request: 0.000191 seconds.
  path: Assets/Sprites/building4.png
  artifactKey: Guid(dd99a32667ac60b4d96a210bd06a672f) Importer(815301076,1909f56bfc062723c751e8b465ee728b)
Start importing Assets/Sprites/building4.png using Guid(dd99a32667ac60b4d96a210bd06a672f) Importer(815301076,1909f56bfc062723c751e8b465ee728b)  -> (artifact id: '61a50d1bf016200adc215d7b65ea17b1') in 0.017991 seconds 
  Import took 0.030218 seconds .

========================================================================
Received Import Request.
  Time since last request: 0.000179 seconds.
  path: Assets/Sprites/building1.png
  artifactKey: Guid(7c2702cb030b3384cbe5a55cc98c2adc) Importer(815301076,1909f56bfc062723c751e8b465ee728b)
Start importing Assets/Sprites/building1.png using Guid(7c2702cb030b3384cbe5a55cc98c2adc) Importer(815301076,1909f56bfc062723c751e8b465ee728b)  -> (artifact id: '35143430f01b5108e506d841cbf8f710') in 0.016347 seconds 
  Import took 0.033840 seconds .

========================================================================
Received Import Request.
  Time since last request: 0.000261 seconds.
  path: Assets/Sprites/house.png
  artifactKey: Guid(0bff00b8199d2a94482868e0e78de6e5) Importer(815301076,1909f56bfc062723c751e8b465ee728b)
Start importing Assets/Sprites/house.png using Guid(0bff00b8199d2a94482868e0e78de6e5) Importer(815301076,1909f56bfc062723c751e8b465ee728b)  -> (artifact id: '62ed142f96bd77a1c027af7a0e4eb57c') in 0.026359 seconds 
  Import took 0.045233 seconds .

========================================================================
Received Import Request.
  Time since last request: 237.730626 seconds.
  path: Assets/Sprites/portal.png
  artifactKey: Guid(d7380f1d83023e843acbbd3dcb2546b2) Importer(815301076,1909f56bfc062723c751e8b465ee728b)
Start importing Assets/Sprites/portal.png using Guid(d7380f1d83023e843acbbd3dcb2546b2) Importer(815301076,1909f56bfc062723c751e8b465ee728b)  -> (artifact id: '01877a1536843ba667c0b7df218117c7') in 0.026233 seconds 
  Import took 0.045828 seconds .

