Using pre-set license
Built from '2020.3/staging' branch; Version is '2020.3.13f1 (71691879b7f5) revision 7432472'; Using compiler version '192528614'; Build Type 'Release'
OS: 'Windows 10 Enterprise; OS build 19042.1348; Version 2009; 64bit' Language: 'en' Physical Memory: 32719 MB
BatchMode: 1, IsHumanControllingUs: 0, StartBugReporterOnCrash: 0, Is64bit: 1, IsPro: 0

 COMMAND LINE ARGUMENTS:
C:\Program Files\Unity\Editor\Unity.exe
-adb2
-batchMode
-noUpm
-name
AssetImportWorker0
-projectPath
C:/Users/neswaim/Documents/GitHub/FinalProject/Swaim2DWeek
-logFile
Logs/AssetImportWorker0.log
-srvPort
59461
Successfully changed project path to: C:/Users/neswaim/Documents/GitHub/FinalProject/Swaim2DWeek
C:/Users/neswaim/Documents/GitHub/FinalProject/Swaim2DWeek
Using Asset Import Pipeline V2.
Refreshing native plugins compatible for Editor in 85.00 ms, found 3 plugins.
Preloading 0 native plugins for Editor in 0.00 ms.
Initialize engine version: 2020.3.13f1 (71691879b7f5)
[Subsystems] Discovering subsystems at path C:/Program Files/Unity/Editor/Data/Resources/UnitySubsystems
[Subsystems] Discovering subsystems at path C:/Users/neswaim/Documents/GitHub/FinalProject/Swaim2DWeek/Assets
GfxDevice: creating device client; threaded=0
Direct3D:
    Version:  Direct3D 11.0 [level 11.1]
    Renderer: NVIDIA GeForce GTX 1080 (ID=0x1b80)
    Vendor:   
    VRAM:     8079 MB
    Driver:   30.0.14.7111
Initialize mono
Mono path[0] = 'C:/Program Files/Unity/Editor/Data/Managed'
Mono path[1] = 'C:/Program Files/Unity/Editor/Data/MonoBleedingEdge/lib/mono/unityjit'
Mono config path = 'C:/Program Files/Unity/Editor/Data/MonoBleedingEdge/etc'
Using monoOptions --debugger-agent=transport=dt_socket,embedding=1,server=y,suspend=n,address=127.0.0.1:56448
Begin MonoManager ReloadAssembly
Registering precompiled unity dll's ...
Register platform support module: C:/Program Files/Unity/Editor/Data/PlaybackEngines/WebGLSupport/UnityEditor.WebGL.Extensions.dll
Register platform support module: C:/Program Files/Unity/Editor/Data/PlaybackEngines/MacStandaloneSupport/UnityEditor.OSXStandalone.Extensions.dll
Register platform support module: C:/Program Files/Unity/Editor/Data/PlaybackEngines/WindowsStandaloneSupport/UnityEditor.WindowsStandalone.Extensions.dll
Register platform support module: C:/Program Files/Unity/Editor/Data/PlaybackEngines/LinuxStandaloneSupport/UnityEditor.LinuxStandalone.Extensions.dll
Register platform support module: C:/Program Files/Unity/Editor/Data/PlaybackEngines/LuminSupport/UnityEditor.Lumin.Extensions.dll
Registered in 0.003146 seconds.
Native extension for Lumin target not found
Native extension for LinuxStandalone target not found
Native extension for WindowsStandalone target not found
Native extension for OSXStandalone target not found
Native extension for WebGL target not found
Refreshing native plugins compatible for Editor in 62.67 ms, found 3 plugins.
Preloading 0 native plugins for Editor in 0.00 ms.
Mono: successfully reloaded assembly
- Completed reload, in  1.263 seconds
Platform modules already initialized, skipping
Registering precompiled user dll's ...
Registered in 0.004708 seconds.
Begin MonoManager ReloadAssembly
Native extension for Lumin target not found
Native extension for LinuxStandalone target not found
Native extension for WindowsStandalone target not found
Native extension for OSXStandalone target not found
Native extension for WebGL target not found
Refreshing native plugins compatible for Editor in 64.77 ms, found 3 plugins.
Preloading 0 native plugins for Editor in 0.00 ms.
Mono: successfully reloaded assembly
- Completed reload, in  1.338 seconds
Platform modules already initialized, skipping
========================================================================
Worker process is ready to serve import requests
Launched and connected shader compiler UnityShaderCompiler.exe after 0.06 seconds
Refreshing native plugins compatible for Editor in 1.11 ms, found 3 plugins.
Preloading 0 native plugins for Editor in 0.00 ms.
Unloading 3415 Unused Serialized files (Serialized files now loaded: 0)
System memory in use before: 148.0 MB.
System memory in use after: 148.3 MB.

Unloading 30 unused Assets to reduce memory usage. Loaded Objects now: 3850.
Total: 3.557700 ms (FindLiveObjects: 0.399200 ms CreateObjectMapping: 0.213100 ms MarkObjects: 2.835700 ms  DeleteObjects: 0.108400 ms)

AssetImportParameters requested are different than current active one (requested -> active):
  custom:framework-win-MediaFoundation: 216162199b28c13a410421893ffa2e32 -> 
  custom:video-decoder-ogg-theora: a1e56fd34408186e4bbccfd4996cb3dc -> 
  custom:container-muxer-webm: aa71ff27fc2769a1b78a27578f13a17b -> 
  custom:container-demuxer-webm: 4f35f7cbe854078d1ac9338744f61a02 -> 
  custom:container-demuxer-ogg: 62fdf1f143b41e24485cea50d1cbac27 -> 
  custom:video-encoder-webm-vp8: eb34c28f22e8b96e1ab97ce403110664 -> 
  custom:video-decoder-webm-vp8: 9c59270c3fd7afecdb556c50c9e8de78 -> 
  custom:audio-decoder-ogg-vorbis: bf7c407c2cedff20999df2af8eb42d56 -> 
  custom:audio-encoder-webm-vorbis: bf7c407c2cedff20999df2af8eb42d56 -> 
========================================================================
Received Import Request.
  path: Assets/UniversalRenderPipelineAsset.asset
  artifactKey: Guid(9c5d9e35d318a3443b48794aeb0d5264) Importer(815301076,1909f56bfc062723c751e8b465ee728b)
Start importing Assets/UniversalRenderPipelineAsset.asset using Guid(9c5d9e35d318a3443b48794aeb0d5264) Importer(815301076,1909f56bfc062723c751e8b465ee728b)  -> (artifact id: '994bc3513a33206e61c1ab4ecd072cb7') in 0.042751 seconds 
  Import took 0.049926 seconds .

========================================================================
Received Import Request.
  Time since last request: 0.000275 seconds.
  path: Assets/New Physics Material 2D.physicsMaterial2D
  artifactKey: Guid(5c4cb987f118e0444b07d48b4eb10d89) Importer(815301076,1909f56bfc062723c751e8b465ee728b)
Start importing Assets/New Physics Material 2D.physicsMaterial2D using Guid(5c4cb987f118e0444b07d48b4eb10d89) Importer(815301076,1909f56bfc062723c751e8b465ee728b)  -> (artifact id: '02d3414547367aabdaf30e30c16323d7') in 0.011580 seconds 
  Import took 0.019042 seconds .

========================================================================
Received Import Request.
  Time since last request: 0.000243 seconds.
  path: Assets/UniversalRenderPipelineAsset_Renderer.asset
  artifactKey: Guid(3f6b36cff1a59cc4bba65c4cb270c70e) Importer(815301076,1909f56bfc062723c751e8b465ee728b)
Start importing Assets/UniversalRenderPipelineAsset_Renderer.asset using Guid(3f6b36cff1a59cc4bba65c4cb270c70e) Importer(815301076,1909f56bfc062723c751e8b465ee728b)  -> (artifact id: '0ea7c998f744a7b6c704d34caba279e6') in 0.011038 seconds 
  Import took 0.018729 seconds .

========================================================================
Received Import Request.
  Time since last request: 0.000259 seconds.
  path: Assets/New 2D Renderer Data.asset
  artifactKey: Guid(234ee65ef37c39f4eb03e10e3bc1c0fb) Importer(815301076,1909f56bfc062723c751e8b465ee728b)
Start importing Assets/New 2D Renderer Data.asset using Guid(234ee65ef37c39f4eb03e10e3bc1c0fb) Importer(815301076,1909f56bfc062723c751e8b465ee728b)  -> (artifact id: '3c757744475b70a9a2ac5ed4c90d0443') in 0.009641 seconds 
  Import took 0.017575 seconds .

========================================================================
Received Import Request.
  Time since last request: 0.005217 seconds.
  path: Assets/UniversalRenderPipelineAsset_Renderer.asset
  artifactKey: Guid(3f6b36cff1a59cc4bba65c4cb270c70e) Importer(815301076,1909f56bfc062723c751e8b465ee728b)
Start importing Assets/UniversalRenderPipelineAsset_Renderer.asset using Guid(3f6b36cff1a59cc4bba65c4cb270c70e) Importer(815301076,1909f56bfc062723c751e8b465ee728b)  -> (artifact id: '0ea7c998f744a7b6c704d34caba279e6') in 0.003119 seconds 
  Import took 0.009587 seconds .

========================================================================
Received Import Request.
  Time since last request: 244.636676 seconds.
  path: Assets/Scenes/START.unity
  artifactKey: Guid(44e78d4c13bbf064b965cbd6d1b17592) Importer(815301076,1909f56bfc062723c751e8b465ee728b)
Start importing Assets/Scenes/START.unity using Guid(44e78d4c13bbf064b965cbd6d1b17592) Importer(815301076,1909f56bfc062723c751e8b465ee728b)  -> (artifact id: '6e105ee937798488d958b8312670100f') in 0.008180 seconds 
  Import took 0.013844 seconds .

========================================================================
Received Import Request.
  Time since last request: 0.003724 seconds.
  path: Assets/Scenes/START.unity
  artifactKey: Guid(44e78d4c13bbf064b965cbd6d1b17592) Importer(815301076,1909f56bfc062723c751e8b465ee728b)
Start importing Assets/Scenes/START.unity using Guid(44e78d4c13bbf064b965cbd6d1b17592) Importer(815301076,1909f56bfc062723c751e8b465ee728b)  -> (artifact id: '6e105ee937798488d958b8312670100f') in 0.002751 seconds 
  Import took 0.008580 seconds .

========================================================================
Received Import Request.
  Time since last request: 0.421346 seconds.
  path: Assets/Scenes/Level.unity
  artifactKey: Guid(2cda990e2423bbf4892e6590ba056729) Importer(815301076,1909f56bfc062723c751e8b465ee728b)
Start importing Assets/Scenes/Level.unity using Guid(2cda990e2423bbf4892e6590ba056729) Importer(815301076,1909f56bfc062723c751e8b465ee728b)  -> (artifact id: 'dd4600c29a83234a78ba365040d5bedd') in 0.006716 seconds 
  Import took 0.012918 seconds .

========================================================================
Received Prepare
Registering precompiled user dll's ...
Registered in 0.004865 seconds.
Begin MonoManager ReloadAssembly
Native extension for Lumin target not found
Native extension for LinuxStandalone target not found
Native extension for WindowsStandalone target not found
Native extension for OSXStandalone target not found
Native extension for WebGL target not found
Refreshing native plugins compatible for Editor in 0.75 ms, found 3 plugins.
Preloading 0 native plugins for Editor in 0.00 ms.
Mono: successfully reloaded assembly
- Completed reload, in  1.167 seconds
Platform modules already initialized, skipping
Refreshing native plugins compatible for Editor in 0.69 ms, found 3 plugins.
Preloading 0 native plugins for Editor in 0.00 ms.
Unloading 3288 Unused Serialized files (Serialized files now loaded: 0)
System memory in use before: 139.3 MB.
System memory in use after: 139.5 MB.

Unloading 18 unused Assets to reduce memory usage. Loaded Objects now: 3855.
Total: 3.528500 ms (FindLiveObjects: 0.392200 ms CreateObjectMapping: 0.158100 ms MarkObjects: 2.926300 ms  DeleteObjects: 0.050600 ms)

AssetImportParameters requested are different than current active one (requested -> active):
  custom:framework-win-MediaFoundation: 216162199b28c13a410421893ffa2e32 -> 
  custom:video-decoder-ogg-theora: a1e56fd34408186e4bbccfd4996cb3dc -> 
  custom:container-muxer-webm: aa71ff27fc2769a1b78a27578f13a17b -> 
  custom:container-demuxer-webm: 4f35f7cbe854078d1ac9338744f61a02 -> 
  custom:container-demuxer-ogg: 62fdf1f143b41e24485cea50d1cbac27 -> 
  custom:video-encoder-webm-vp8: eb34c28f22e8b96e1ab97ce403110664 -> 
  custom:video-decoder-webm-vp8: 9c59270c3fd7afecdb556c50c9e8de78 -> 
  custom:audio-decoder-ogg-vorbis: bf7c407c2cedff20999df2af8eb42d56 -> 
  custom:audio-encoder-webm-vorbis: bf7c407c2cedff20999df2af8eb42d56 -> 
========================================================================
Received Prepare
Registering precompiled user dll's ...
Registered in 0.004611 seconds.
Begin MonoManager ReloadAssembly
Native extension for Lumin target not found
Native extension for LinuxStandalone target not found
Native extension for WindowsStandalone target not found
Native extension for OSXStandalone target not found
Native extension for WebGL target not found
Refreshing native plugins compatible for Editor in 0.62 ms, found 3 plugins.
Preloading 0 native plugins for Editor in 0.00 ms.
Mono: successfully reloaded assembly
- Completed reload, in  1.193 seconds
Platform modules already initialized, skipping
Refreshing native plugins compatible for Editor in 0.63 ms, found 3 plugins.
Preloading 0 native plugins for Editor in 0.00 ms.
Unloading 3286 Unused Serialized files (Serialized files now loaded: 0)
System memory in use before: 139.3 MB.
System memory in use after: 139.6 MB.

Unloading 18 unused Assets to reduce memory usage. Loaded Objects now: 3858.
Total: 3.715100 ms (FindLiveObjects: 0.416300 ms CreateObjectMapping: 0.218300 ms MarkObjects: 3.032900 ms  DeleteObjects: 0.046400 ms)

AssetImportParameters requested are different than current active one (requested -> active):
  custom:framework-win-MediaFoundation: 216162199b28c13a410421893ffa2e32 -> 
  custom:video-decoder-ogg-theora: a1e56fd34408186e4bbccfd4996cb3dc -> 
  custom:container-muxer-webm: aa71ff27fc2769a1b78a27578f13a17b -> 
  custom:container-demuxer-webm: 4f35f7cbe854078d1ac9338744f61a02 -> 
  custom:container-demuxer-ogg: 62fdf1f143b41e24485cea50d1cbac27 -> 
  custom:video-encoder-webm-vp8: eb34c28f22e8b96e1ab97ce403110664 -> 
  custom:video-decoder-webm-vp8: 9c59270c3fd7afecdb556c50c9e8de78 -> 
  custom:audio-decoder-ogg-vorbis: bf7c407c2cedff20999df2af8eb42d56 -> 
  custom:audio-encoder-webm-vorbis: bf7c407c2cedff20999df2af8eb42d56 -> 
========================================================================
Received Import Request.
  Time since last request: 196.262062 seconds.
  path: Assets/Scenes/START.unity
  artifactKey: Guid(44e78d4c13bbf064b965cbd6d1b17592) Importer(815301076,1909f56bfc062723c751e8b465ee728b)
Start importing Assets/Scenes/START.unity using Guid(44e78d4c13bbf064b965cbd6d1b17592) Importer(815301076,1909f56bfc062723c751e8b465ee728b)  -> (artifact id: '31a2ca74784caff55206071a62029bbe') in 0.013525 seconds 
  Import took 0.019536 seconds .

========================================================================
Received Import Request.
  Time since last request: 66.608646 seconds.
  path: Assets/Scenes/Level.unity
  artifactKey: Guid(2cda990e2423bbf4892e6590ba056729) Importer(815301076,1909f56bfc062723c751e8b465ee728b)
Start importing Assets/Scenes/Level.unity using Guid(2cda990e2423bbf4892e6590ba056729) Importer(815301076,1909f56bfc062723c751e8b465ee728b)  -> (artifact id: '825b069871043bc9f812da7728a797d0') in 0.003098 seconds 
  Import took 0.009265 seconds .

========================================================================
Received Prepare
Registering precompiled user dll's ...
Registered in 0.005604 seconds.
Begin MonoManager ReloadAssembly
Native extension for Lumin target not found
Native extension for LinuxStandalone target not found
Native extension for WindowsStandalone target not found
Native extension for OSXStandalone target not found
Native extension for WebGL target not found
Refreshing native plugins compatible for Editor in 0.87 ms, found 3 plugins.
Preloading 0 native plugins for Editor in 0.00 ms.
Mono: successfully reloaded assembly
- Completed reload, in  1.380 seconds
Platform modules already initialized, skipping
Refreshing native plugins compatible for Editor in 0.67 ms, found 3 plugins.
Preloading 0 native plugins for Editor in 0.00 ms.
Unloading 3286 Unused Serialized files (Serialized files now loaded: 0)
System memory in use before: 139.4 MB.
System memory in use after: 139.6 MB.

Unloading 18 unused Assets to reduce memory usage. Loaded Objects now: 3861.
Total: 3.940300 ms (FindLiveObjects: 0.294700 ms CreateObjectMapping: 0.159900 ms MarkObjects: 3.430700 ms  DeleteObjects: 0.053800 ms)

AssetImportParameters requested are different than current active one (requested -> active):
  custom:framework-win-MediaFoundation: 216162199b28c13a410421893ffa2e32 -> 
  custom:video-decoder-ogg-theora: a1e56fd34408186e4bbccfd4996cb3dc -> 
  custom:container-muxer-webm: aa71ff27fc2769a1b78a27578f13a17b -> 
  custom:container-demuxer-webm: 4f35f7cbe854078d1ac9338744f61a02 -> 
  custom:container-demuxer-ogg: 62fdf1f143b41e24485cea50d1cbac27 -> 
  custom:video-encoder-webm-vp8: eb34c28f22e8b96e1ab97ce403110664 -> 
  custom:video-decoder-webm-vp8: 9c59270c3fd7afecdb556c50c9e8de78 -> 
  custom:audio-decoder-ogg-vorbis: bf7c407c2cedff20999df2af8eb42d56 -> 
  custom:audio-encoder-webm-vorbis: bf7c407c2cedff20999df2af8eb42d56 -> 
========================================================================
Received Prepare
Registering precompiled user dll's ...
Registered in 0.005177 seconds.
Begin MonoManager ReloadAssembly
Native extension for Lumin target not found
Native extension for LinuxStandalone target not found
Native extension for WindowsStandalone target not found
Native extension for OSXStandalone target not found
Native extension for WebGL target not found
Refreshing native plugins compatible for Editor in 0.79 ms, found 3 plugins.
Preloading 0 native plugins for Editor in 0.00 ms.
Mono: successfully reloaded assembly
- Completed reload, in  1.211 seconds
Platform modules already initialized, skipping
Refreshing native plugins compatible for Editor in 0.70 ms, found 3 plugins.
Preloading 0 native plugins for Editor in 0.00 ms.
Unloading 3286 Unused Serialized files (Serialized files now loaded: 0)
System memory in use before: 139.4 MB.
System memory in use after: 139.6 MB.

Unloading 18 unused Assets to reduce memory usage. Loaded Objects now: 3864.
Total: 4.170500 ms (FindLiveObjects: 0.326100 ms CreateObjectMapping: 0.172300 ms MarkObjects: 3.604200 ms  DeleteObjects: 0.066500 ms)

AssetImportParameters requested are different than current active one (requested -> active):
  custom:framework-win-MediaFoundation: 216162199b28c13a410421893ffa2e32 -> 
  custom:video-decoder-ogg-theora: a1e56fd34408186e4bbccfd4996cb3dc -> 
  custom:container-muxer-webm: aa71ff27fc2769a1b78a27578f13a17b -> 
  custom:container-demuxer-webm: 4f35f7cbe854078d1ac9338744f61a02 -> 
  custom:container-demuxer-ogg: 62fdf1f143b41e24485cea50d1cbac27 -> 
  custom:video-encoder-webm-vp8: eb34c28f22e8b96e1ab97ce403110664 -> 
  custom:video-decoder-webm-vp8: 9c59270c3fd7afecdb556c50c9e8de78 -> 
  custom:audio-decoder-ogg-vorbis: bf7c407c2cedff20999df2af8eb42d56 -> 
  custom:audio-encoder-webm-vorbis: bf7c407c2cedff20999df2af8eb42d56 -> 
========================================================================
Received Prepare
Registering precompiled user dll's ...
Registered in 0.005281 seconds.
Begin MonoManager ReloadAssembly
Native extension for Lumin target not found
Native extension for LinuxStandalone target not found
Native extension for WindowsStandalone target not found
Native extension for OSXStandalone target not found
Native extension for WebGL target not found
Refreshing native plugins compatible for Editor in 0.70 ms, found 3 plugins.
Preloading 0 native plugins for Editor in 0.00 ms.
Mono: successfully reloaded assembly
- Completed reload, in  1.207 seconds
Platform modules already initialized, skipping
Refreshing native plugins compatible for Editor in 0.73 ms, found 3 plugins.
Preloading 0 native plugins for Editor in 0.00 ms.
Unloading 3286 Unused Serialized files (Serialized files now loaded: 0)
System memory in use before: 139.4 MB.
System memory in use after: 139.7 MB.

Unloading 18 unused Assets to reduce memory usage. Loaded Objects now: 3867.
Total: 3.496100 ms (FindLiveObjects: 0.382400 ms CreateObjectMapping: 0.248700 ms MarkObjects: 2.811200 ms  DeleteObjects: 0.052400 ms)

AssetImportParameters requested are different than current active one (requested -> active):
  custom:framework-win-MediaFoundation: 216162199b28c13a410421893ffa2e32 -> 
  custom:video-decoder-ogg-theora: a1e56fd34408186e4bbccfd4996cb3dc -> 
  custom:container-muxer-webm: aa71ff27fc2769a1b78a27578f13a17b -> 
  custom:container-demuxer-webm: 4f35f7cbe854078d1ac9338744f61a02 -> 
  custom:container-demuxer-ogg: 62fdf1f143b41e24485cea50d1cbac27 -> 
  custom:video-encoder-webm-vp8: eb34c28f22e8b96e1ab97ce403110664 -> 
  custom:video-decoder-webm-vp8: 9c59270c3fd7afecdb556c50c9e8de78 -> 
  custom:audio-decoder-ogg-vorbis: bf7c407c2cedff20999df2af8eb42d56 -> 
  custom:audio-encoder-webm-vorbis: bf7c407c2cedff20999df2af8eb42d56 -> 
========================================================================
Received Prepare
Registering precompiled user dll's ...
Registered in 0.005111 seconds.
Begin MonoManager ReloadAssembly
Native extension for Lumin target not found
Native extension for LinuxStandalone target not found
Native extension for WindowsStandalone target not found
Native extension for OSXStandalone target not found
Native extension for WebGL target not found
Refreshing native plugins compatible for Editor in 0.76 ms, found 3 plugins.
Preloading 0 native plugins for Editor in 0.00 ms.
Mono: successfully reloaded assembly
- Completed reload, in  1.202 seconds
Platform modules already initialized, skipping
Refreshing native plugins compatible for Editor in 0.65 ms, found 3 plugins.
Preloading 0 native plugins for Editor in 0.00 ms.
Unloading 3286 Unused Serialized files (Serialized files now loaded: 0)
System memory in use before: 139.4 MB.
System memory in use after: 139.7 MB.

Unloading 18 unused Assets to reduce memory usage. Loaded Objects now: 3870.
Total: 3.424300 ms (FindLiveObjects: 0.304800 ms CreateObjectMapping: 0.140000 ms MarkObjects: 2.918000 ms  DeleteObjects: 0.060500 ms)

AssetImportParameters requested are different than current active one (requested -> active):
  custom:framework-win-MediaFoundation: 216162199b28c13a410421893ffa2e32 -> 
  custom:video-decoder-ogg-theora: a1e56fd34408186e4bbccfd4996cb3dc -> 
  custom:container-muxer-webm: aa71ff27fc2769a1b78a27578f13a17b -> 
  custom:container-demuxer-webm: 4f35f7cbe854078d1ac9338744f61a02 -> 
  custom:container-demuxer-ogg: 62fdf1f143b41e24485cea50d1cbac27 -> 
  custom:video-encoder-webm-vp8: eb34c28f22e8b96e1ab97ce403110664 -> 
  custom:video-decoder-webm-vp8: 9c59270c3fd7afecdb556c50c9e8de78 -> 
  custom:audio-decoder-ogg-vorbis: bf7c407c2cedff20999df2af8eb42d56 -> 
  custom:audio-encoder-webm-vorbis: bf7c407c2cedff20999df2af8eb42d56 -> 
========================================================================
Received Prepare
Registering precompiled user dll's ...
Registered in 0.004548 seconds.
Begin MonoManager ReloadAssembly
Native extension for Lumin target not found
Native extension for LinuxStandalone target not found
Native extension for WindowsStandalone target not found
Native extension for OSXStandalone target not found
Native extension for WebGL target not found
Refreshing native plugins compatible for Editor in 0.79 ms, found 3 plugins.
Preloading 0 native plugins for Editor in 0.00 ms.
Mono: successfully reloaded assembly
- Completed reload, in  1.187 seconds
Platform modules already initialized, skipping
Refreshing native plugins compatible for Editor in 0.64 ms, found 3 plugins.
Preloading 0 native plugins for Editor in 0.00 ms.
Unloading 3286 Unused Serialized files (Serialized files now loaded: 0)
System memory in use before: 139.4 MB.
System memory in use after: 139.7 MB.

Unloading 18 unused Assets to reduce memory usage. Loaded Objects now: 3873.
Total: 3.677100 ms (FindLiveObjects: 0.329700 ms CreateObjectMapping: 0.159400 ms MarkObjects: 3.137700 ms  DeleteObjects: 0.048800 ms)

AssetImportParameters requested are different than current active one (requested -> active):
  custom:framework-win-MediaFoundation: 216162199b28c13a410421893ffa2e32 -> 
  custom:video-decoder-ogg-theora: a1e56fd34408186e4bbccfd4996cb3dc -> 
  custom:container-muxer-webm: aa71ff27fc2769a1b78a27578f13a17b -> 
  custom:container-demuxer-webm: 4f35f7cbe854078d1ac9338744f61a02 -> 
  custom:container-demuxer-ogg: 62fdf1f143b41e24485cea50d1cbac27 -> 
  custom:video-encoder-webm-vp8: eb34c28f22e8b96e1ab97ce403110664 -> 
  custom:video-decoder-webm-vp8: 9c59270c3fd7afecdb556c50c9e8de78 -> 
  custom:audio-decoder-ogg-vorbis: bf7c407c2cedff20999df2af8eb42d56 -> 
  custom:audio-encoder-webm-vorbis: bf7c407c2cedff20999df2af8eb42d56 -> 
========================================================================
Received Prepare
Registering precompiled user dll's ...
Registered in 0.006663 seconds.
Begin MonoManager ReloadAssembly
Native extension for Lumin target not found
Native extension for LinuxStandalone target not found
Native extension for WindowsStandalone target not found
Native extension for OSXStandalone target not found
Native extension for WebGL target not found
Refreshing native plugins compatible for Editor in 0.75 ms, found 3 plugins.
Preloading 0 native plugins for Editor in 0.00 ms.
Mono: successfully reloaded assembly
- Completed reload, in  1.327 seconds
Platform modules already initialized, skipping
Refreshing native plugins compatible for Editor in 0.64 ms, found 3 plugins.
Preloading 0 native plugins for Editor in 0.00 ms.
Unloading 3286 Unused Serialized files (Serialized files now loaded: 0)
System memory in use before: 139.4 MB.
System memory in use after: 139.7 MB.

Unloading 18 unused Assets to reduce memory usage. Loaded Objects now: 3876.
Total: 3.639900 ms (FindLiveObjects: 0.380200 ms CreateObjectMapping: 0.154400 ms MarkObjects: 3.051800 ms  DeleteObjects: 0.052300 ms)

AssetImportParameters requested are different than current active one (requested -> active):
  custom:framework-win-MediaFoundation: 216162199b28c13a410421893ffa2e32 -> 
  custom:video-decoder-ogg-theora: a1e56fd34408186e4bbccfd4996cb3dc -> 
  custom:container-muxer-webm: aa71ff27fc2769a1b78a27578f13a17b -> 
  custom:container-demuxer-webm: 4f35f7cbe854078d1ac9338744f61a02 -> 
  custom:container-demuxer-ogg: 62fdf1f143b41e24485cea50d1cbac27 -> 
  custom:video-encoder-webm-vp8: eb34c28f22e8b96e1ab97ce403110664 -> 
  custom:video-decoder-webm-vp8: 9c59270c3fd7afecdb556c50c9e8de78 -> 
  custom:audio-decoder-ogg-vorbis: bf7c407c2cedff20999df2af8eb42d56 -> 
  custom:audio-encoder-webm-vorbis: bf7c407c2cedff20999df2af8eb42d56 -> 
========================================================================
Received Import Request.
  Time since last request: 708.108540 seconds.
  path: Assets/Sprites/Ambient1.png
  artifactKey: Guid(fd4e251db1acf364f873c2c8a68018ec) Importer(815301076,1909f56bfc062723c751e8b465ee728b)
Start importing Assets/Sprites/Ambient1.png using Guid(fd4e251db1acf364f873c2c8a68018ec) Importer(815301076,1909f56bfc062723c751e8b465ee728b)  -> (artifact id: 'e6bef279b32a1c9c64aaf934af0afdef') in 0.264724 seconds 
  Import took 0.270993 seconds .

========================================================================
Received Import Request.
  Time since last request: 0.000336 seconds.
  path: Assets/Sprites/rock1.PNG
  artifactKey: Guid(7c1e748f37bbdec43a5c33c4c65d0a7f) Importer(815301076,1909f56bfc062723c751e8b465ee728b)
Start importing Assets/Sprites/rock1.PNG using Guid(7c1e748f37bbdec43a5c33c4c65d0a7f) Importer(815301076,1909f56bfc062723c751e8b465ee728b)  -> (artifact id: '19c6041ff9eb3904bd017499fdfee11a') in 0.018112 seconds 
  Import took 0.024663 seconds .

========================================================================
Received Import Request.
  Time since last request: 0.000376 seconds.
  path: Assets/Sprites/Wasteland-Files.png
  artifactKey: Guid(8dfaa0482855e3548a845ec7cccbcde9) Importer(815301076,1909f56bfc062723c751e8b465ee728b)
Start importing Assets/Sprites/Wasteland-Files.png using Guid(8dfaa0482855e3548a845ec7cccbcde9) Importer(815301076,1909f56bfc062723c751e8b465ee728b)  -> (artifact id: '03fde5bf5acb3bbe99ccfc32648eadac') in 0.090668 seconds 
  Import took 0.096842 seconds .

========================================================================
Received Import Request.
  Time since last request: 0.000298 seconds.
  path: Assets/Sprites/Wasteland-Files_39.asset
  artifactKey: Guid(a696ef052792fe84ca53b7dd3c8848dc) Importer(815301076,1909f56bfc062723c751e8b465ee728b)
Start importing Assets/Sprites/Wasteland-Files_39.asset using Guid(a696ef052792fe84ca53b7dd3c8848dc) Importer(815301076,1909f56bfc062723c751e8b465ee728b)  -> (artifact id: '08a30d5c90bebb121e2b1e7baf8ed58b') in 0.022351 seconds 
  Import took 0.027612 seconds .

========================================================================
Received Import Request.
  Time since last request: 0.000251 seconds.
  path: Assets/Sprites/Wasteland-Files_40.asset
  artifactKey: Guid(16b89e1b5bdba9947874a3da9672f921) Importer(815301076,1909f56bfc062723c751e8b465ee728b)
Start importing Assets/Sprites/Wasteland-Files_40.asset using Guid(16b89e1b5bdba9947874a3da9672f921) Importer(815301076,1909f56bfc062723c751e8b465ee728b)  -> (artifact id: '8149ec30f39702044c5ecd423ac09f31') in 0.011150 seconds 
  Import took 0.016819 seconds .

========================================================================
Received Import Request.
  Time since last request: 0.000251 seconds.
  path: Assets/Sprites/Ambient2.png
  artifactKey: Guid(31903e3d7088ca442be8f30f9a020422) Importer(815301076,1909f56bfc062723c751e8b465ee728b)
Start importing Assets/Sprites/Ambient2.png using Guid(31903e3d7088ca442be8f30f9a020422) Importer(815301076,1909f56bfc062723c751e8b465ee728b)  -> (artifact id: 'a522928542209a62564ab9c038e5e632') in 0.035747 seconds 
  Import took 0.043256 seconds .

========================================================================
Received Import Request.
  Time since last request: 0.000296 seconds.
  path: Assets/Sprites/sheet 2.png
  artifactKey: Guid(6edf9ab165a1a3946b709bcb37660dc1) Importer(815301076,1909f56bfc062723c751e8b465ee728b)
Start importing Assets/Sprites/sheet 2.png using Guid(6edf9ab165a1a3946b709bcb37660dc1) Importer(815301076,1909f56bfc062723c751e8b465ee728b)  -> (artifact id: 'b08762e8884b7e968dd6a9b043a9ff31') in 0.137580 seconds 
  Import took 0.143607 seconds .

========================================================================
Received Import Request.
  Time since last request: 0.000318 seconds.
  path: Assets/Sprites/sheet_78.asset
  artifactKey: Guid(f891bac4102d1804fa62d93246a57779) Importer(815301076,1909f56bfc062723c751e8b465ee728b)
Start importing Assets/Sprites/sheet_78.asset using Guid(f891bac4102d1804fa62d93246a57779) Importer(815301076,1909f56bfc062723c751e8b465ee728b)  -> (artifact id: '1a2533ca68d6e4d239445ecfd9de05e7') in 0.009276 seconds 
  Import took 0.014951 seconds .

========================================================================
Received Import Request.
  Time since last request: 0.000299 seconds.
  path: Assets/Sprites/Wasteland-Files_38.asset
  artifactKey: Guid(8bb670b07784de5409ed304ef18bbfca) Importer(815301076,1909f56bfc062723c751e8b465ee728b)
Start importing Assets/Sprites/Wasteland-Files_38.asset using Guid(8bb670b07784de5409ed304ef18bbfca) Importer(815301076,1909f56bfc062723c751e8b465ee728b)  -> (artifact id: 'ec12b0a13cfd65edb97d396cadb06a07') in 0.011288 seconds 
  Import took 0.019163 seconds .

========================================================================
Received Import Request.
  Time since last request: 0.000264 seconds.
  path: Assets/Sprites/sheet_80.asset
  artifactKey: Guid(dae78edf2dc791a4db1cf16bec28be4d) Importer(815301076,1909f56bfc062723c751e8b465ee728b)
Start importing Assets/Sprites/sheet_80.asset using Guid(dae78edf2dc791a4db1cf16bec28be4d) Importer(815301076,1909f56bfc062723c751e8b465ee728b)  -> (artifact id: '782c1ecb5cee1afd6e31f446fcd0da3e') in 0.009683 seconds 
  Import took 0.015839 seconds .

========================================================================
Received Import Request.
  Time since last request: 0.000241 seconds.
  path: Assets/Sprites/Wasteland-Files_0.asset
  artifactKey: Guid(38963979b9499cc4e9b31a11d983548a) Importer(815301076,1909f56bfc062723c751e8b465ee728b)
Start importing Assets/Sprites/Wasteland-Files_0.asset using Guid(38963979b9499cc4e9b31a11d983548a) Importer(815301076,1909f56bfc062723c751e8b465ee728b)  -> (artifact id: '60aab594a5d4baa101554310180daaa4') in 0.010134 seconds 
  Import took 0.016064 seconds .

========================================================================
Received Import Request.
  Time since last request: 0.000338 seconds.
  path: Assets/Sprites/Wasteland-Files_1.asset
  artifactKey: Guid(789c5bebee2904c4a905a1a935697239) Importer(815301076,1909f56bfc062723c751e8b465ee728b)
Start importing Assets/Sprites/Wasteland-Files_1.asset using Guid(789c5bebee2904c4a905a1a935697239) Importer(815301076,1909f56bfc062723c751e8b465ee728b)  -> (artifact id: '3e851e5344166da26a124b856ff62ab3') in 0.009888 seconds 
  Import took 0.016432 seconds .

========================================================================
Received Import Request.
  Time since last request: 0.000348 seconds.
  path: Assets/Sprites/Wasteland-Files_10.asset
  artifactKey: Guid(2a5c451de8cf95d4cafc4c9024d2164f) Importer(815301076,1909f56bfc062723c751e8b465ee728b)
Start importing Assets/Sprites/Wasteland-Files_10.asset using Guid(2a5c451de8cf95d4cafc4c9024d2164f) Importer(815301076,1909f56bfc062723c751e8b465ee728b)  -> (artifact id: 'ad196e1957ace12f6f40bf0ea3f5cac9') in 0.011935 seconds 
  Import took 0.018605 seconds .

========================================================================
Received Import Request.
  Time since last request: 0.000258 seconds.
  path: Assets/Sprites/Wasteland-Files_11.asset
  artifactKey: Guid(8a334405079dca141b921456c8291bfb) Importer(815301076,1909f56bfc062723c751e8b465ee728b)
Start importing Assets/Sprites/Wasteland-Files_11.asset using Guid(8a334405079dca141b921456c8291bfb) Importer(815301076,1909f56bfc062723c751e8b465ee728b)  -> (artifact id: '976d28372a78ff1f07a3aea98077de1d') in 0.010038 seconds 
  Import took 0.016184 seconds .

========================================================================
Received Import Request.
  Time since last request: 0.000326 seconds.
  path: Assets/Sprites/sheet 4.png
  artifactKey: Guid(91e0af350faa59a4ba234f5f48e7773b) Importer(815301076,1909f56bfc062723c751e8b465ee728b)
Start importing Assets/Sprites/sheet 4.png using Guid(91e0af350faa59a4ba234f5f48e7773b) Importer(815301076,1909f56bfc062723c751e8b465ee728b)  -> (artifact id: 'ef773a572b2459bf2af73ffc49de7ddc') in 0.125579 seconds 
  Import took 0.132941 seconds .

========================================================================
Received Import Request.
  Time since last request: 0.000337 seconds.
  path: Assets/Sprites/Wasteland-Files_44.asset
  artifactKey: Guid(a89f18ac8b60ce346b7ffbe841ac3427) Importer(815301076,1909f56bfc062723c751e8b465ee728b)
Start importing Assets/Sprites/Wasteland-Files_44.asset using Guid(a89f18ac8b60ce346b7ffbe841ac3427) Importer(815301076,1909f56bfc062723c751e8b465ee728b)  -> (artifact id: 'bda88cb6eec46c9a92a209c0a85a57a0') in 0.009720 seconds 
  Import took 0.015316 seconds .

========================================================================
Received Import Request.
  Time since last request: 0.000358 seconds.
  path: Assets/Sprites/player_tilesheet.png
  artifactKey: Guid(c2fe615f6066beb43a01b89599ff9b6d) Importer(815301076,1909f56bfc062723c751e8b465ee728b)
Start importing Assets/Sprites/player_tilesheet.png using Guid(c2fe615f6066beb43a01b89599ff9b6d) Importer(815301076,1909f56bfc062723c751e8b465ee728b)  -> (artifact id: '8e534d5d9eca7ff19cf399f72307329b') in 0.054390 seconds 
  Import took 0.060898 seconds .

========================================================================
Received Import Request.
  Time since last request: 0.000295 seconds.
  path: Assets/Sprites/Wasteland-Files_12.asset
  artifactKey: Guid(d531c9c3e6ea8ce46a014119850f0c20) Importer(815301076,1909f56bfc062723c751e8b465ee728b)
Start importing Assets/Sprites/Wasteland-Files_12.asset using Guid(d531c9c3e6ea8ce46a014119850f0c20) Importer(815301076,1909f56bfc062723c751e8b465ee728b)  -> (artifact id: '40f9b70f91d9319d522edd4b0329689e') in 0.009768 seconds 
  Import took 0.016266 seconds .

========================================================================
Received Import Request.
  Time since last request: 0.000269 seconds.
  path: Assets/Sprites/Wasteland-Files_41.asset
  artifactKey: Guid(ad4a5e42d985a2e4fb1e623831c39bbf) Importer(815301076,1909f56bfc062723c751e8b465ee728b)
Start importing Assets/Sprites/Wasteland-Files_41.asset using Guid(ad4a5e42d985a2e4fb1e623831c39bbf) Importer(815301076,1909f56bfc062723c751e8b465ee728b)  -> (artifact id: '2ee3112fb31bb89eeb13cf15f47960f0') in 0.010015 seconds 
  Import took 0.017504 seconds .

========================================================================
Received Import Request.
  Time since last request: 0.000270 seconds.
  path: Assets/Sprites/Wasteland-Files_45.asset
  artifactKey: Guid(14557dcaa32e05140a7c88eb8cbbba51) Importer(815301076,1909f56bfc062723c751e8b465ee728b)
Start importing Assets/Sprites/Wasteland-Files_45.asset using Guid(14557dcaa32e05140a7c88eb8cbbba51) Importer(815301076,1909f56bfc062723c751e8b465ee728b)  -> (artifact id: '008f90690e0a151c1810ef9382abb5f5') in 0.013317 seconds 
  Import took 0.019982 seconds .

========================================================================
Received Import Request.
  Time since last request: 0.000317 seconds.
  path: Assets/Sprites/Wasteland-Files_42.asset
  artifactKey: Guid(f178d519ba97c5843af79a04f7393170) Importer(815301076,1909f56bfc062723c751e8b465ee728b)
Start importing Assets/Sprites/Wasteland-Files_42.asset using Guid(f178d519ba97c5843af79a04f7393170) Importer(815301076,1909f56bfc062723c751e8b465ee728b)  -> (artifact id: '16d335c8f7cc7ce214e0d6763662dd9b') in 0.010207 seconds 
  Import took 0.016326 seconds .

========================================================================
Received Import Request.
  Time since last request: 0.000267 seconds.
  path: Assets/Sprites/Pineapple.png
  artifactKey: Guid(0bfd62145bf03474ea305ca6ff096530) Importer(815301076,1909f56bfc062723c751e8b465ee728b)
Start importing Assets/Sprites/Pineapple.png using Guid(0bfd62145bf03474ea305ca6ff096530) Importer(815301076,1909f56bfc062723c751e8b465ee728b)  -> (artifact id: 'd6f862e3d4f898e7bb07f14b1030705a') in 0.036917 seconds 
  Import took 0.043105 seconds .

========================================================================
Received Import Request.
  Time since last request: 0.000276 seconds.
  path: Assets/Sprites/Apple.png
  artifactKey: Guid(70e4ba883a6cc1b48a18108e65143112) Importer(815301076,1909f56bfc062723c751e8b465ee728b)
Start importing Assets/Sprites/Apple.png using Guid(70e4ba883a6cc1b48a18108e65143112) Importer(815301076,1909f56bfc062723c751e8b465ee728b)  -> (artifact id: 'f74bf7d4635fc2f7d706314307a60aa3') in 0.011710 seconds 
  Import took 0.017286 seconds .

========================================================================
Received Import Request.
  Time since last request: 0.000250 seconds.
  path: Assets/Sprites/characters.png
  artifactKey: Guid(fb729871308216246aaf548164d5ac76) Importer(815301076,1909f56bfc062723c751e8b465ee728b)
Start importing Assets/Sprites/characters.png using Guid(fb729871308216246aaf548164d5ac76) Importer(815301076,1909f56bfc062723c751e8b465ee728b)  -> (artifact id: '6b7125dcfd9e5a1c92e848d03adcafc1') in 0.108919 seconds 
  Import took 0.115308 seconds .

========================================================================
Received Import Request.
  Time since last request: 0.000346 seconds.
  path: Assets/Sprites/lantern.png
  artifactKey: Guid(e7fe66c95077aa7449a7064e69b93f34) Importer(815301076,1909f56bfc062723c751e8b465ee728b)
Start importing Assets/Sprites/lantern.png using Guid(e7fe66c95077aa7449a7064e69b93f34) Importer(815301076,1909f56bfc062723c751e8b465ee728b)  -> (artifact id: '78bf778c388fe473b96ae5ad8891ccd2') in 0.014374 seconds 
  Import took 0.019915 seconds .

========================================================================
Received Import Request.
  Time since last request: 0.000294 seconds.
  path: Assets/Sprites/sheet.png
  artifactKey: Guid(88ac98bc6a53a2e488361cf412365a87) Importer(815301076,1909f56bfc062723c751e8b465ee728b)
Start importing Assets/Sprites/sheet.png using Guid(88ac98bc6a53a2e488361cf412365a87) Importer(815301076,1909f56bfc062723c751e8b465ee728b)  -> (artifact id: 'd1c299d28062dd607e58dc7d9e0d9f2a') in 0.126451 seconds 
  Import took 0.132852 seconds .

========================================================================
Received Import Request.
  Time since last request: 0.000274 seconds.
  path: Assets/Sprites/Wasteland-Files_43.asset
  artifactKey: Guid(d8163287c7d964c47ac00ff8e5683ce5) Importer(815301076,1909f56bfc062723c751e8b465ee728b)
Start importing Assets/Sprites/Wasteland-Files_43.asset using Guid(d8163287c7d964c47ac00ff8e5683ce5) Importer(815301076,1909f56bfc062723c751e8b465ee728b)  -> (artifact id: 'd31e78332d88efcdbdbab6b9574bbb05') in 0.008814 seconds 
  Import took 0.015207 seconds .

========================================================================
Received Import Request.
  Time since last request: 0.000333 seconds.
  path: Assets/Sprites/sheet 1.png
  artifactKey: Guid(81c2ae65c4a93f0459a3f8a665370d2a) Importer(815301076,1909f56bfc062723c751e8b465ee728b)
Start importing Assets/Sprites/sheet 1.png using Guid(81c2ae65c4a93f0459a3f8a665370d2a) Importer(815301076,1909f56bfc062723c751e8b465ee728b)  -> (artifact id: '66d0374fd512800a3890766fbe4d5739') in 0.129167 seconds 
  Import took 0.136013 seconds .

========================================================================
Received Import Request.
  Time since last request: 0.000265 seconds.
  path: Assets/Sprites/NPCSprites.png
  artifactKey: Guid(41f53dfab10dd654eb05e00076f976b8) Importer(815301076,1909f56bfc062723c751e8b465ee728b)
Start importing Assets/Sprites/NPCSprites.png using Guid(41f53dfab10dd654eb05e00076f976b8) Importer(815301076,1909f56bfc062723c751e8b465ee728b)  -> (artifact id: '71ce4d3480246b5bc5d32cfbf1b8f17a') in 0.031176 seconds 
  Import took 0.037070 seconds .

========================================================================
Received Import Request.
  Time since last request: 0.000311 seconds.
  path: Assets/Sprites/Bananas.png
  artifactKey: Guid(3f6b65a81d8592d4bbadf8b87fb626c2) Importer(815301076,1909f56bfc062723c751e8b465ee728b)
Start importing Assets/Sprites/Bananas.png using Guid(3f6b65a81d8592d4bbadf8b87fb626c2) Importer(815301076,1909f56bfc062723c751e8b465ee728b)  -> (artifact id: 'ebfef541b0b2f664fdeac981038cfded') in 0.011644 seconds 
  Import took 0.017851 seconds .

========================================================================
Received Import Request.
  Time since last request: 0.000342 seconds.
  path: Assets/Sprites/sheet_36.asset
  artifactKey: Guid(07437ea178d4de848adcf632a08c058a) Importer(815301076,1909f56bfc062723c751e8b465ee728b)
Start importing Assets/Sprites/sheet_36.asset using Guid(07437ea178d4de848adcf632a08c058a) Importer(815301076,1909f56bfc062723c751e8b465ee728b)  -> (artifact id: 'c57ab14699c1cfbc5d24077642419466') in 0.011459 seconds 
  Import took 0.018218 seconds .

========================================================================
Received Import Request.
  Time since last request: 0.000310 seconds.
  path: Assets/Sprites/sheet 3.png
  artifactKey: Guid(523e05b2d6f30ad4181487b762b04696) Importer(815301076,1909f56bfc062723c751e8b465ee728b)
Start importing Assets/Sprites/sheet 3.png using Guid(523e05b2d6f30ad4181487b762b04696) Importer(815301076,1909f56bfc062723c751e8b465ee728b)  -> (artifact id: 'd45798bbd688ca54cd606d3750c9bc08') in 0.126178 seconds 
  Import took 0.132709 seconds .

